  ObjectDetection.cpp
C:\opencv\build\include\opencv2\calib3d.hpp(1,1): warning C4819: The file contains a character that cannot be represented in the current code page (932). Save the file in Unicode format to prevent data loss
  (compiling source file 'ObjectDetection.cpp')
  
C:\Users\Sebastian WL\source\repos\main\main\ObjectDetection.cpp(79,37): warning C4267: '/=': conversion from 'size_t' to '_Tp', possible loss of data
C:\Users\Sebastian WL\source\repos\main\main\ObjectDetection.cpp(79,37): warning C4267:         with
C:\Users\Sebastian WL\source\repos\main\main\ObjectDetection.cpp(79,37): warning C4267:         [
C:\Users\Sebastian WL\source\repos\main\main\ObjectDetection.cpp(79,37): warning C4267:             _Tp=int
C:\Users\Sebastian WL\source\repos\main\main\ObjectDetection.cpp(79,37): warning C4267:         ]
C:\Users\Sebastian WL\source\repos\main\main\ObjectDetection.cpp(80,37): warning C4267: '/=': conversion from 'size_t' to '_Tp', possible loss of data
C:\Users\Sebastian WL\source\repos\main\main\ObjectDetection.cpp(80,37): warning C4267:         with
C:\Users\Sebastian WL\source\repos\main\main\ObjectDetection.cpp(80,37): warning C4267:         [
C:\Users\Sebastian WL\source\repos\main\main\ObjectDetection.cpp(80,37): warning C4267:             _Tp=int
C:\Users\Sebastian WL\source\repos\main\main\ObjectDetection.cpp(80,37): warning C4267:         ]
C:\Users\Sebastian WL\source\repos\main\main\ObjectDetection.cpp(113,20): warning C4244: 'initializing': conversion from 'double' to 'float', possible loss of data
C:\Users\Sebastian WL\source\repos\main\main\ObjectDetection.cpp(118,34): warning C4244: '=': conversion from 'double' to '_Tp', possible loss of data
C:\Users\Sebastian WL\source\repos\main\main\ObjectDetection.cpp(118,34): warning C4244:         with
C:\Users\Sebastian WL\source\repos\main\main\ObjectDetection.cpp(118,34): warning C4244:         [
C:\Users\Sebastian WL\source\repos\main\main\ObjectDetection.cpp(118,34): warning C4244:             _Tp=int
C:\Users\Sebastian WL\source\repos\main\main\ObjectDetection.cpp(118,34): warning C4244:         ]
C:\Users\Sebastian WL\source\repos\main\main\ObjectDetection.cpp(119,34): warning C4244: '=': conversion from 'double' to '_Tp', possible loss of data
C:\Users\Sebastian WL\source\repos\main\main\ObjectDetection.cpp(119,34): warning C4244:         with
C:\Users\Sebastian WL\source\repos\main\main\ObjectDetection.cpp(119,34): warning C4244:         [
C:\Users\Sebastian WL\source\repos\main\main\ObjectDetection.cpp(119,34): warning C4244:             _Tp=int
C:\Users\Sebastian WL\source\repos\main\main\ObjectDetection.cpp(119,34): warning C4244:         ]
C:\Users\Sebastian WL\source\repos\main\main\ObjectDetection.cpp(172,12): warning C4244: 'return': conversion from 'double' to 'int', possible loss of data
C:\Users\Sebastian WL\source\repos\main\main\ObjectDetection.cpp(194,20): warning C4244: 'initializing': conversion from 'double' to 'float', possible loss of data
C:\Users\Sebastian WL\source\repos\main\main\ObjectDetection.cpp(202,12): warning C4244: 'return': conversion from 'double' to 'int', possible loss of data
C:\Users\Sebastian WL\source\repos\main\main\ObjectDetection.cpp(224,20): warning C4244: 'initializing': conversion from 'double' to 'float', possible loss of data
C:\Users\Sebastian WL\source\repos\main\main\ObjectDetection.cpp(255,20): warning C4244: 'initializing': conversion from 'double' to 'float', possible loss of data
C:\Users\Sebastian WL\source\repos\main\main\ObjectDetection.cpp(266,114): warning C4244: 'argument': conversion from 'double' to '_Tp', possible loss of data
C:\Users\Sebastian WL\source\repos\main\main\ObjectDetection.cpp(266,114): warning C4244:         with
C:\Users\Sebastian WL\source\repos\main\main\ObjectDetection.cpp(266,114): warning C4244:         [
C:\Users\Sebastian WL\source\repos\main\main\ObjectDetection.cpp(266,114): warning C4244:             _Tp=float
C:\Users\Sebastian WL\source\repos\main\main\ObjectDetection.cpp(266,114): warning C4244:         ]
C:\Users\Sebastian WL\source\repos\main\main\ObjectDetection.cpp(266,57): warning C4244: 'argument': conversion from 'double' to '_Tp', possible loss of data
C:\Users\Sebastian WL\source\repos\main\main\ObjectDetection.cpp(266,57): warning C4244:         with
C:\Users\Sebastian WL\source\repos\main\main\ObjectDetection.cpp(266,57): warning C4244:         [
C:\Users\Sebastian WL\source\repos\main\main\ObjectDetection.cpp(266,57): warning C4244:             _Tp=float
C:\Users\Sebastian WL\source\repos\main\main\ObjectDetection.cpp(266,57): warning C4244:         ]
  main.vcxproj -> C:\Users\Sebastian WL\source\repos\main\x64\Debug\main.exe
  'pwsh.exe' is not recognized as an internal or external command,
  operable program or batch file.
